<?xml version="1.0" encoding="UTF-8"?>
<!-- Generated by org.testng.reporters.JUnitXMLReporter -->
<testsuite ignored="0" hostname="Lav-Gupta.local" failures="1" tests="1" name="Default test(failed)" time="7.08" errors="0" timestamp="24 Jun 2020 13:28:10 GMT">
  <testcase classname="com.crm.qa.testcases.NdtvWeatherVerification" name="verifyWeatherOnPage" time="4.171">
    <failure type="java.lang.AssertionError" message="The following asserts failed:
	Temp in Fahrenheit is not matched, difference found more then 5 expected [true] but found [false],
	Humidity is not matched, difference found more then 5 expected [true] but found [false]">
      <![CDATA[java.lang.AssertionError: The following asserts failed:
	Temp in Fahrenheit is not matched, difference found more then 5 expected [true] but found [false],
	Humidity is not matched, difference found more then 5 expected [true] but found [false]
	at com.crm.qa.testcases.ApiDemo.validateWeatherData(ApiDemo.java:88)
	at com.crm.qa.testcases.NdtvWeatherVerification.verifyWeatherOnPage(NdtvWeatherVerification.java:43)
... Removed 26 stack frames]]>
    </failure>
  </testcase> <!-- verifyWeatherOnPage -->
</testsuite> <!-- Default test(failed) -->
