<?xml version="1.0" encoding="UTF-8"?>
<!-- Generated by org.testng.reporters.JUnitXMLReporter -->
<testsuite ignored="0" hostname="Lav-Gupta.local" failures="0" tests="3" name="Free CRM App Test Cases(failed)(failed)" time="1.478" errors="0" timestamp="18 Jun 2020 11:15:59 GMT">
  <testcase classname="com.crm.qa.testcases.LoginPageTest" name="@BeforeMethod setUp" time="1.448">
    <failure type="org.openqa.selenium.SessionNotCreatedException" message="session not created: This version of ChromeDriver only supports Chrome version 84
Build info: version: &amp;apos;3.14.0&amp;apos;, revision: &amp;apos;aacccce0&amp;apos;, time: &amp;apos;2018-08-02T20:19:58.91Z&amp;apos;
System info: host: &amp;apos;Lav-Gupta.local&amp;apos;, ip: &amp;apos;fe80:0:0:0:10a0:5666:5e4:3fd6%en0&amp;apos;, os.name: &amp;apos;Mac OS X&amp;apos;, os.arch: &amp;apos;x86_64&amp;apos;, os.version: &amp;apos;10.15.5&amp;apos;, java.version: &amp;apos;14.0.1&amp;apos;
Driver info: driver.version: ChromeDriver
remote stacktrace: 0   chromedriver                        0x000000010f5e1c49 chromedriver + 4893769
1   chromedriver                        0x000000010f57b0e3 chromedriver + 4473059
2   chromedriver                        0x000000010f1ee8fd chromedriver + 751869
3   chromedriver                        0x000000010f1503b9 chromedriver + 103353
4   chromedriver                        0x000000010f14c696 chromedriver + 87702
5   chromedriver                        0x000000010f1499b9 chromedriver + 76217
6   chromedriver                        0x000000010f17c043 chromedriver + 282691
7   chromedriver                        0x000000010f178e43 chromedriver + 269891
8   chromedriver                        0x000000010f15262a chromedriver + 112170
9   chromedriver                        0x000000010f153635 chromedriver + 116277
10  chromedriver                        0x000000010f5a35af chromedriver + 4638127
11  chromedriver                        0x000000010f5b091b chromedriver + 4692251
12  chromedriver                        0x000000010f5b06bb chromedriver + 4691643
13  chromedriver                        0x000000010f587109 chromedriver + 4522249
14  chromedriver                        0x000000010f5b0ea3 chromedriver + 4693667
15  chromedriver                        0x000000010f599073 chromedriver + 4595827
16  chromedriver                        0x000000010f5c8094 chromedriver + 4788372
17  chromedriver                        0x000000010f5e7db7 chromedriver + 4918711
18  libsystem_pthread.dylib             0x00007fff6c16b109 _pthread_start + 148
19  libsystem_pthread.dylib             0x00007fff6c166b8b thread_start + 15
">
      <![CDATA[org.openqa.selenium.SessionNotCreatedException: session not created: This version of ChromeDriver only supports Chrome version 84
Build info: version: '3.14.0', revision: 'aacccce0', time: '2018-08-02T20:19:58.91Z'
System info: host: 'Lav-Gupta.local', ip: 'fe80:0:0:0:10a0:5666:5e4:3fd6%en0', os.name: 'Mac OS X', os.arch: 'x86_64', os.version: '10.15.5', java.version: '14.0.1'
Driver info: driver.version: ChromeDriver
remote stacktrace: 0   chromedriver                        0x000000010f5e1c49 chromedriver + 4893769
1   chromedriver                        0x000000010f57b0e3 chromedriver + 4473059
2   chromedriver                        0x000000010f1ee8fd chromedriver + 751869
3   chromedriver                        0x000000010f1503b9 chromedriver + 103353
4   chromedriver                        0x000000010f14c696 chromedriver + 87702
5   chromedriver                        0x000000010f1499b9 chromedriver + 76217
6   chromedriver                        0x000000010f17c043 chromedriver + 282691
7   chromedriver                        0x000000010f178e43 chromedriver + 269891
8   chromedriver                        0x000000010f15262a chromedriver + 112170
9   chromedriver                        0x000000010f153635 chromedriver + 116277
10  chromedriver                        0x000000010f5a35af chromedriver + 4638127
11  chromedriver                        0x000000010f5b091b chromedriver + 4692251
12  chromedriver                        0x000000010f5b06bb chromedriver + 4691643
13  chromedriver                        0x000000010f587109 chromedriver + 4522249
14  chromedriver                        0x000000010f5b0ea3 chromedriver + 4693667
15  chromedriver                        0x000000010f599073 chromedriver + 4595827
16  chromedriver                        0x000000010f5c8094 chromedriver + 4788372
17  chromedriver                        0x000000010f5e7db7 chromedriver + 4918711
18  libsystem_pthread.dylib             0x00007fff6c16b109 _pthread_start + 148
19  libsystem_pthread.dylib             0x00007fff6c166b8b thread_start + 15

	at org.openqa.selenium.remote.W3CHandshakeResponse.lambda$new$0(W3CHandshakeResponse.java:57)
	at org.openqa.selenium.remote.W3CHandshakeResponse.lambda$getResponseFunction$2(W3CHandshakeResponse.java:104)
	at org.openqa.selenium.remote.ProtocolHandshake.lambda$createSession$0(ProtocolHandshake.java:122)
	at java.base/java.util.stream.ReferencePipeline$3$1.accept(ReferencePipeline.java:195)
	at java.base/java.util.Spliterators$ArraySpliterator.tryAdvance(Spliterators.java:958)
	at java.base/java.util.stream.ReferencePipeline.forEachWithCancel(ReferencePipeline.java:127)
	at java.base/java.util.stream.AbstractPipeline.copyIntoWithCancel(AbstractPipeline.java:502)
	at java.base/java.util.stream.AbstractPipeline.copyInto(AbstractPipeline.java:488)
	at java.base/java.util.stream.AbstractPipeline.wrapAndCopyInto(AbstractPipeline.java:474)
	at java.base/java.util.stream.FindOps$FindOp.evaluateSequential(FindOps.java:150)
	at java.base/java.util.stream.AbstractPipeline.evaluate(AbstractPipeline.java:234)
	at java.base/java.util.stream.ReferencePipeline.findFirst(ReferencePipeline.java:543)
	at org.openqa.selenium.remote.ProtocolHandshake.createSession(ProtocolHandshake.java:125)
	at org.openqa.selenium.remote.ProtocolHandshake.createSession(ProtocolHandshake.java:73)
	at org.openqa.selenium.remote.HttpCommandExecutor.execute(HttpCommandExecutor.java:136)
	at org.openqa.selenium.remote.service.DriverCommandExecutor.execute(DriverCommandExecutor.java:83)
	at org.openqa.selenium.remote.RemoteWebDriver.execute(RemoteWebDriver.java:548)
	at org.openqa.selenium.remote.RemoteWebDriver.startSession(RemoteWebDriver.java:212)
	at org.openqa.selenium.remote.RemoteWebDriver.<init>(RemoteWebDriver.java:130)
	at org.openqa.selenium.chrome.ChromeDriver.<init>(ChromeDriver.java:181)
	at org.openqa.selenium.chrome.ChromeDriver.<init>(ChromeDriver.java:168)
	at org.openqa.selenium.chrome.ChromeDriver.<init>(ChromeDriver.java:123)
	at com.crm.qa.base.TestBase.initialization(TestBase.java:45)
	at com.crm.qa.testcases.LoginPageTest.setUp(LoginPageTest.java:22)
... Removed 32 stack frames]]>
    </failure>
  </testcase> <!-- @BeforeMethod setUp -->
  <testcase classname="com.crm.qa.testcases.LoginPageTest" name="@BeforeMethod setUp" time="0.0">
    <skipped/>
  </testcase> <!-- @BeforeMethod setUp -->
  <testcase classname="com.crm.qa.testcases.LoginPageTest" name="@BeforeMethod setUp" time="0.0">
    <skipped/>
  </testcase> <!-- @BeforeMethod setUp -->
  <testcase classname="com.crm.qa.testcases.LoginPageTest" name="loginPageTitleTest" time="0.0">
    <skipped/>
  </testcase> <!-- loginPageTitleTest -->
  <testcase classname="com.crm.qa.testcases.LoginPageTest" name="crmLogoImageTest" time="0.0">
    <skipped/>
  </testcase> <!-- crmLogoImageTest -->
  <testcase classname="com.crm.qa.testcases.LoginPageTest" name="loginTest" time="0.0">
    <skipped/>
  </testcase> <!-- loginTest -->
</testsuite> <!-- Free CRM App Test Cases(failed)(failed) -->
